<?xml version="1.0" encoding="UTF-8"?>
<!-- Generated by org.testng.reporters.JUnitReportReporter -->
<testsuite hostname="Lenovo-PC" name="by.htp.ta.QuizfulNetTest" tests="1" failures="0" timestamp="22 Dec 2016 17:47:10 GMT" time="16.985" errors="0">
  <testcase name="oneCanLoginQuizfulNet" time="16.985" classname="by.htp.ta.QuizfulNetTest"/>
</testsuite> <!-- by.htp.ta.QuizfulNetTest -->
